SCG/build/outputs/mapping/release/seeds.txt
com.czscg.BuildConfig
com.czscg.BuildConfig: boolean DEBUG
com.czscg.BuildConfig: java.lang.String APPLICATION_ID
com.czscg.BuildConfig: java.lang.String BUILD_TYPE
com.czscg.BuildConfig: java.lang.String FLAVOR
com.czscg.BuildConfig: int VERSION_CODE
com.czscg.BuildConfig: java.lang.String VERSION_NAME
com.czscg.BuildConfig: BuildConfig()
com.czscg.Manifest
com.czscg.Manifest: Manifest()
com.czscg.Manifest$permission
com.czscg.Manifest$permission: java.lang.String czscg
com.czscg.Manifest$permission: Manifest$permission()
com.czscg.R
com.czscg.R: R()
com.czscg.R$anim
com.czscg.R$anim: int alpha_in
com.czscg.R$anim: int alpha_out
com.czscg.R$anim: int animation_left_in
com.czscg.R$anim: int animation_left_out
com.czscg.R$anim: int animation_right_in
com.czscg.R$anim: int animation_right_out
com.czscg.R$anim: int dark_to_light
com.czscg.R$anim: int down_to_up
com.czscg.R$anim: int hyp_in
com.czscg.R$anim: int hyp_out
com.czscg.R$anim: int in_lefttoright
com.czscg.R$anim: int interpolator_cycle
com.czscg.R$anim: int left_to_right
com.czscg.R$anim: int light_to_dark
com.czscg.R$anim: int loading_animation
com.czscg.R$anim: int out_righttoleft
com.czscg.R$anim: int right_to_left
com.czscg.R$anim: int shake
com.czscg.R$anim: int shake_x
com.czscg.R$anim: int shake_y
com.czscg.R$anim: int slide_in_from_bottom
com.czscg.R$anim: int slide_in_from_top
com.czscg.R$anim: int slide_out_to_bottom
com.czscg.R$anim: int slide_out_to_top
com.czscg.R$anim: int timepicker_anim_enter_bottom
com.czscg.R$anim: int timepicker_anim_exit_bottom
com.czscg.R$anim: int to_down
com.czscg.R$anim: int to_left
com.czscg.R$anim: int to_right
com.czscg.R$anim: int to_up
com.czscg.R$anim: int triangle_totate
com.czscg.R$anim: int triangle_totate2
com.czscg.R$anim: int up_to_down
com.czscg.R$anim: int wb_loading_frame
com.czscg.R$anim: R$anim()
com.czscg.R$array
com.czscg.R$array: int abei_city_item
com.czscg.R$array: int akesu_city_item
com.czscg.R$array: int alaer_city_item
com.czscg.R$array: int alashanmeng_city_item
com.czscg.R$array: int aleitai_city_item
com.czscg.R$array: int ali_city_item
com.czscg.R$array: int anhui_province_item
com.czscg.R$array: int anhui_suzhou_city_item
com.czscg.R$array: int ankang_city_item
com.czscg.R$array: int anqing_city_item
com.czscg.R$array: int anshan_city_item
com.czscg.R$array: int anshun_city_item
com.czscg.R$array: int anyang_city_item
com.czscg.R$array: int aomen_city_item
com.czscg.R$array: int aomen_province_item
com.czscg.R$array: int auto_tender
com.czscg.R$array: int baicheng_city_item
com.czscg.R$array: int baise_city_item
com.czscg.R$array: int baishan_city_item
com.czscg.R$array: int baiyin_city_item
com.czscg.R$array: int bank_id
com.czscg.R$array: int bank_name
com.czscg.R$array: int baoding_city_item
com.czscg.R$array: int baoji_city_item
com.czscg.R$array: int baoshan_city_item
com.czscg.R$array: int baotou_city_item
com.czscg.R$array: int bayannaoer_city_item
com.czscg.R$array: int bayinguolen_city_item
com.czscg.R$array: int bazhong_city_item
com.czscg.R$array: int beihai_city_item
com.czscg.R$array: int beijin_city_item
com.czscg.R$array: int beijin_province_item
com.czscg.R$array: int bengbu_city_item
com.czscg.R$array: int benxi_city_item
com.czscg.R$array: int biji_city_item
com.czscg.R$array: int boertala_city_item
...
android.support.v4.app.NavUtils$NavUtilsImpl
android.support.v4.app.NavUtils$NavUtilsImpl: android.content.Intent getParentActivityIntent(android.app.Activity)
android.support.v4.app.NavUtils$NavUtilsImpl: boolean shouldUpRecreateTask(android.app.Activity,android.content.Intent)
android.support.v4.app.NavUtils$NavUtilsImpl: void navigateUpTo(android.app.Activity,android.content.Intent)
android.support.v4.app.NavUtils$NavUtilsImpl: java.lang.String getParentActivityName(android.content.Context,android.content.pm.ActivityInfo)
android.support.v4.app.NavUtils$NavUtilsImplBase
android.support.v4.app.NavUtils$NavUtilsImplBase: NavUtils$NavUtilsImplBase()
android.support.v4.app.NavUtils$NavUtilsImplBase: android.content.Intent getParentActivityIntent(android.app.Activity)
android.support.v4.app.NavUtils$NavUtilsImplBase: boolean shouldUpRecreateTask(android.app.Activity,android.content.Intent)
android.support.v4.app.NavUtils$NavUtilsImplBase: void navigateUpTo(android.app.Activity,android.content.Intent)
android.support.v4.app.NavUtils$NavUtilsImplBase: java.lang.String getParentActivityName(android.content.Context,android.content.pm.ActivityInfo)
android.support.v4.app.NavUtils$NavUtilsImplJB
android.support.v4.app.NavUtils$NavUtilsImplJB: NavUtils$NavUtilsImplJB()
android.support.v4.app.NavUtils$NavUtilsImplJB: android.content.Intent getParentActivityIntent(android.app.Activity)
android.support.v4.app.NavUtils$NavUtilsImplJB: android.content.Intent superGetParentActivityIntent(android.app.Activity)
android.support.v4.app.NavUtils$NavUtilsImplJB: boolean shouldUpRecreateTask(android.app.Activity,android.content.Intent)
android.support.v4.app.NavUtils$NavUtilsImplJB: void navigateUpTo(android.app.Activity,android.content.Intent)
android.support.v4.app.NavUtils$NavUtilsImplJB: java.lang.String getParentActivityName(android.content.Context,android.content.pm.ActivityInfo)
android.support.v4.app.NavUtilsJB
android.support.v4.app.NavUtilsJB: NavUtilsJB()
android.support.v4.app.NavUtilsJB: android.content.Intent getParentActivityIntent(android.app.Activity)
android.support.v4.app.NavUtilsJB: boolean shouldUpRecreateTask(android.app.Activity,android.content.Intent)
android.support.v4.app.NavUtilsJB: void navigateUpTo(android.app.Activity,android.content.Intent)
android.support.v4.app.NavUtilsJB: java.lang.String getParentActivityName(android.content.pm.ActivityInfo)
android.support.v4.app.NoSaveStateFrameLayout
android.support.v4.app.NoSaveStateFrameLayout: android.view.ViewGroup wrap(android.view.View)
android.support.v4.app.NoSaveStateFrameLayout: NoSaveStateFrameLayout(android.content.Context)
android.support.v4.app.NoSaveStateFrameLayout: void dispatchSaveInstanceState(android.util.SparseArray)
android.support.v4.app.NoSaveStateFrameLayout: void dispatchRestoreInstanceState(android.util.SparseArray)
android.support.v4.app.NotificationCompat
android.support.v4.app.NotificationCompat: int FLAG_HIGH_PRIORITY
android.support.v4.app.NotificationCompat: int PRIORITY_DEFAULT
android.support.v4.app.NotificationCompat: int PRIORITY_LOW
android.support.v4.app.NotificationCompat: int PRIORITY_MIN
android.support.v4.app.NotificationCompat: int PRIORITY_HIGH
android.support.v4.app.NotificationCompat: int PRIORITY_MAX
android.support.v4.app.NotificationCompat: android.support.v4.app.NotificationCompat$NotificationCompatImpl IMPL
android.support.v4.app.NotificationCompat: NotificationCompat()
android.support.v4.app.NotificationCompat: android.support.v4.app.NotificationCompat$NotificationCompatImpl access$000()
android.support.v4.app.NotificationCompat: void <clinit>()