SCG/build/outputs/mapping/release/mapping.txt
com.czscg.BuildConfig -> com.czscg.BuildConfig:
    boolean DEBUG -> DEBUG
    java.lang.String APPLICATION_ID -> APPLICATION_ID
    java.lang.String BUILD_TYPE -> BUILD_TYPE
    java.lang.String FLAVOR -> FLAVOR
    int VERSION_CODE -> VERSION_CODE
    java.lang.String VERSION_NAME -> VERSION_NAME
    void <init>() -> <init>
com.czscg.Manifest -> com.czscg.Manifest:
    void <init>() -> <init>
com.czscg.Manifest$permission -> com.czscg.Manifest$permission:
    java.lang.String czscg -> czscg
    void <init>() -> <init>
com.czscg.R -> com.czscg.R:
    void <init>() -> <init>
com.czscg.R$anim -> com.czscg.R$anim:
    int alpha_in -> alpha_in
    int alpha_out -> alpha_out
    int animation_left_in -> animation_left_in
    int animation_left_out -> animation_left_out
    int animation_right_in -> animation_right_in
    int animation_right_out -> animation_right_out
    int dark_to_light -> dark_to_light
    int down_to_up -> down_to_up
    int hyp_in -> hyp_in
    int hyp_out -> hyp_out
    int in_lefttoright -> in_lefttoright
    int interpolator_cycle -> interpolator_cycle
    int left_to_right -> left_to_right
    int light_to_dark -> light_to_dark
    int loading_animation -> loading_animation
    int out_righttoleft -> out_righttoleft
    int right_to_left -> right_to_left
    int shake -> shake
    int shake_x -> shake_x
    int shake_y -> shake_y
    int slide_in_from_bottom -> slide_in_from_bottom
    int slide_in_from_top -> slide_in_from_top
    int slide_out_to_bottom -> slide_out_to_bottom
    int slide_out_to_top -> slide_out_to_top
    int timepicker_anim_enter_bottom -> timepicker_anim_enter_bottom
    int timepicker_anim_exit_bottom -> timepicker_anim_exit_bottom
    int to_down -> to_down
    int to_left -> to_left
    int to_right -> to_right
    int to_up -> to_up
    int triangle_totate -> triangle_totate
    int triangle_totate2 -> triangle_totate2
    int up_to_down -> up_to_down
    int wb_loading_frame -> wb_loading_frame
    void <init>() -> <init>
com.czscg.R$array -> com.czscg.R$array:
    int abei_city_item -> abei_city_item
    int akesu_city_item -> akesu_city_item
    int alaer_city_item -> alaer_city_item
    int alashanmeng_city_item -> alashanmeng_city_item
    int aleitai_city_item -> aleitai_city_item
    int ali_city_item -> ali_city_item
    int anhui_province_item -> anhui_province_item
    int anhui_suzhou_city_item -> anhui_suzhou_city_item
    int ankang_city_item -> ankang_city_item
    int anqing_city_item -> anqing_city_item
    int anshan_city_item -> anshan_city_item
    int anshun_city_item -> anshun_city_item
    int anyang_city_item -> anyang_city_item
    int aomen_city_item -> aomen_city_item
    int aomen_province_item -> aomen_province_item
    int auto_tender -> auto_tender
    int baicheng_city_item -> baicheng_city_item
    int baise_city_item -> baise_city_item
    int baishan_city_item -> baishan_city_item
    int baiyin_city_item -> baiyin_city_item
    int bank_id -> bank_id
    int bank_name -> bank_name
    int baoding_city_item -> baoding_city_item
    int baoji_city_item -> baoji_city_item
    int baoshan_city_item -> baoshan_city_item
    int baotou_city_item -> baotou_city_item
    int bayannaoer_city_item -> bayannaoer_city_item
    int bayinguolen_city_item -> bayinguolen_city_item
    int bazhong_city_item -> bazhong_city_item
    int beihai_city_item -> beihai_city_item
    int beijin_city_item -> beijin_city_item
    int beijin_province_item -> beijin_province_item
...
com.baidu.location.BDNotifyListener -> com.baidu.location.BDNotifyListener:
    double mLatitude -> mLatitude
    double mLongitude -> mLongitude
    float mRadius -> mRadius
    float differDistance -> differDistance
    java.lang.String mCoorType -> mCoorType
    double mLatitudeC -> mLatitudeC
    double mLongitudeC -> mLongitudeC
    int Notified -> Notified
    boolean isAdded -> isAdded
    com.baidu.location.d.a mNotifyCache -> mNotifyCache
    void <init>() -> <init>
    void SetNotifyLocation(double,double,float,java.lang.String) -> SetNotifyLocation
    void onNotify(com.baidu.location.BDLocation,float) -> onNotify
com.baidu.location.Jni -> com.baidu.location.Jni:
    int lh -> lh
    int lf -> lf
    int lg -> lg
    int lb -> lb
    int ld -> ld
    int k9 -> k9
    int k8 -> k8
    int lc -> lc
    int la -> la
    boolean le -> le
    void <init>() -> <init>
    java.lang.String a(byte[],int) -> a
    java.lang.String b(double,double,int,int) -> b
    java.lang.String c(byte[],int) -> c
    java.lang.String ib(byte[],byte[]) -> ib
    java.lang.String sky() -> sky
    java.lang.String ee(java.lang.String,int) -> ee
    byte[] encrypt(byte[]) -> encrypt
    java.lang.String g(byte[]) -> g
    void f(byte[],byte[]) -> f
    java.lang.String H(java.lang.String) -> H
    java.lang.String if(byte[],byte[]) -> if
    java.lang.String F(java.lang.String) -> F
    java.lang.String J(java.lang.String) -> J
    long murmur(java.lang.String) -> murmur
    java.lang.Long I(java.lang.String) -> I
    java.lang.String dH() -> dH
    java.lang.String G(java.lang.String) -> G
    java.lang.String K(java.lang.String) -> K
    java.lang.String encodeNotLimit(java.lang.String,int) -> encodeNotLimit
    double[] if(double,double,java.lang.String) -> if
    void int(java.lang.String,java.lang.String) -> int
    java.lang.String L(java.lang.String) -> L
    java.lang.String E(java.lang.String) -> E
    java.lang.String if(byte[]) -> if
    void <clinit>() -> <clinit>
com.baidu.location.LLSInterface -> com.baidu.location.LLSInterface:
    void onCreate(android.content.Context) -> onCreate
    int onStartCommand(android.content.Intent,int,int) -> onStartCommand
    android.os.IBinder onBind(android.content.Intent) -> onBind
    boolean onUnBind(android.content.Intent) -> onUnBind
    void onDestroy() -> onDestroy
    double getVersion() -> getVersion
com.baidu.location.LocationClient -> com.baidu.location.LocationClient:
    java.lang.String ll -> ll
    int lo -> lo
    int lN -> lN
    int lv -> lv
    int lY -> lY
    int lJ -> lJ
    int lM -> lM
    int lB -> lB
    int lw -> lw
    int lz -> lz
    int lj -> lj
    int lU -> lU
    int lK -> lK
    int ls -> ls
    long lP -> lP
    java.lang.String lX -> lX
    com.baidu.location.LocationClientOption lI -> lI
    boolean lO -> lO
    android.content.Context lE -> lE
    android.os.Messenger lG -> lG
    com.baidu.location.LocationClient$a lk -> lk
    android.os.Messenger lD -> lD
    java.util.ArrayList l1 -> l1
    com.baidu.location.BDLocation lT -> lT
    boolean ly -> ly
    boolean lW -> lW
    boolean lA -> lA
    com.baidu.location.LocationClient$b lp -> lp
    boolean li -> li
    java.lang.Object ln -> ln
    long lH -> lH
    long lQ -> lQ
    com.baidu.location.d.a lr -> lr
    com.baidu.location.BDLocationListener lx -> lx
    java.lang.String lV -> lV
    java.lang.String lS -> lS
    boolean lu -> lu
    boolean lZ -> lZ
    java.lang.Boolean lt -> lt
    java.lang.Boolean lq -> lq
    java.lang.Boolean lL -> lL
    boolean lC -> lC
    com.baidu.location.e.p l0 -> l0
    boolean lF -> lF
    boolean lm -> lm
    android.content.ServiceConnection lR -> lR
    void <init>(android.content.Context) -> <init>
    void <init>(android.content.Context,com.baidu.location.LocationClientOption) -> <init>