SCG/build/outputs/mapping/release/usage.txt
com.czscg.wxapi.WXEntryActivity:
    private android.os.Bundle bundle
...
com.sun.crypto.provider.SunJCE_p:
    java.lang.String a()
com.sun.crypto.provider.SunJCE_s:
    SunJCE_s()
com.sun.crypto.provider.SunJCE_t:
    byte[] a(java.lang.String)
com.sun.crypto.provider.SunJCE_v
com.sun.crypto.provider.SunJCE_x
com.sun.crypto.provider.SunJCE_z:
    private static final java.lang.String a
    private static final java.lang.String b
    private static final int c
    private static final int d
com.sun.crypto.provider.TlsKeyMaterialGenerator:
    private static final java.lang.String MSG
com.sun.crypto.provider.TlsMasterSecretGenerator:
    private static final java.lang.String MSG
com.sun.crypto.provider.TlsMasterSecretGenerator$TlsMasterSecretKey:
    public int getMajorVersion()
    public int getMinorVersion()
    public java.lang.String getAlgorithm()
    public java.lang.String getFormat()
    public byte[] getEncoded()
com.sun.crypto.provider.TlsPrfGenerator:
    private static final java.lang.String MSG
com.sun.crypto.provider.TlsRsaPremasterSecretGenerator:
    private static final java.lang.String MSG
com.sun.crypto.provider.ai
com.tencent.open.TDialog:
    44:44:static synthetic android.os.Handler b(com.tencent.open.TDialog)
com.tencent.open.TDialog$JsListener:
    325:327:public void onAddShare(java.lang.String)
    332:333:public void onInvite(java.lang.String)
    338:340:public void onCancelAddShare(java.lang.String)
    345:346:public void onCancelLogin()
    351:353:public void onCancelInvite()
    356:359:public void onComplete(java.lang.String)
    362:365:public void onCancel(java.lang.String)
    369:370:public void showMsg(java.lang.String)
    379:380:public void onLoad(java.lang.String)
io.card.payment.CameraUnavailableException:
    private static final long serialVersionUID
io.card.payment.CardScanner:
    private native void nGetFrameCounts(int[])
    private native double nGetElapsedTime()
    private native long nGetElapsedClock()
    void onEdgeUpdate(io.card.payment.DetectionInfo)
io.card.payment.CreditCard:
    private static final java.lang.String TAG
    CreditCard(java.lang.String)
    java.util.List toNameValueList()
    boolean failed()
kankan.wheel.widget.WheelScroller:
    private static final int SCROLLING_DURATION
kankan.wheel.widget.WheelView:
    private static final int ITEM_OFFSET_PERCENT
    private static final int PADDING
    private static final int DEF_VISIBLE_ITEMS
kankan.wheel.widget.adapters.NumericWheelAdapter:
    private static final int DEFAULT_MIN_VALUE
m.framework.ui.widget.asyncview.AsyncImageView:
    private static final int MSG_IMG_GOT
m.framework.ui.widget.asyncview.BitmapProcessor:
    private static final int CAPACITY
    private static final int MAX_REQ_TIME
    private static final int MAX_SIZE
    private static final int OVERFLOW_SIZE
m.framework.ui.widget.pulltorefresh.PullToRefreshView:
    private static final long MIN_REF_TIME
m.framework.ui.widget.slidingmenu.BodyContainer:
    private static final int MIN_FLING_VEL
    private static final int MENU_COVER_ALPHA
m.framework.ui.widget.slidingmenu.MenuAdapter:
    48:61:void setGroup(m.framework.ui.widget.slidingmenu.SlidingMenuGroup)
m.framework.ui.widget.slidingmenu.SlidingMenu:
    446:446:android.view.View itemToView(m.framework.ui.widget.slidingmenu.SlidingMenuItem)
m.framework.ui.widget.viewpager.ViewPagerClassic:
    private static final int SNAP_VELOCITY
    private static final int TOUCH_STATE_REST
    private static final int TOUCH_STATE_SCROLLING
m.framework.utils.Data:
    private static final java.lang.String CHAT_SET
org.apache.commons.httpclient.HttpMethodBase:
    private static final int RESPONSE_WAIT_TIME_MS
    private static final int DEFAULT_INITIAL_BUFFER_SIZE